<?xml version="1.0" encoding="UTF-8"?>
<testng-results ignored="0" total="5" passed="4" failed="1" skipped="0">
  <reporter-output>
  </reporter-output>
  <suite started-at="2024-11-05T19:20:35 IST" name="Default suite" finished-at="2024-11-05T19:22:56 IST" duration-ms="141014">
    <groups>
    </groups>
    <test started-at="2024-11-05T19:20:35 IST" name="Default test" finished-at="2024-11-05T19:22:56 IST" duration-ms="141014">
      <class name="Tests.HomePageTest">
        <test-method is-config="true" signature="setUP()[pri:0, instance:Tests.HomePageTest@7a5ceedd]" started-at="2024-11-05T19:20:37 IST" name="setUP" finished-at="2024-11-05T19:20:59 IST" duration-ms="21815" status="PASS">
          <reporter-output>
          </reporter-output>
        </test-method> <!-- setUP -->
        <test-method signature="placeEquityOrderTest(java.lang.String,java.lang.String,java.lang.String,java.lang.String)[pri:0, instance:Tests.HomePageTest@7a5ceedd]" started-at="2024-11-05T19:20:59 IST" name="placeEquityOrderTest" data-provider="tradeData" finished-at="2024-11-05T19:21:27 IST" duration-ms="28474" status="FAIL">
          <params>
            <param index="0">
              <value>
                <![CDATA[irfc]]>
              </value>
            </param>
            <param index="1">
              <value>
                <![CDATA[Equity]]>
              </value>
            </param>
            <param index="2">
              <value>
                <![CDATA[7.0]]>
              </value>
            </param>
            <param index="3">
              <value>
                <![CDATA[Buy]]>
              </value>
            </param>
          </params>
          <exception class="org.openqa.selenium.TimeoutException">
            <message>
              <![CDATA[timeout: Timed out receiving message from renderer: 20.000
  (Session info: chrome=130.0.6723.92)
Build info: version: '4.23.1', revision: '656257d8e9'
System info: os.name: 'Windows 11', os.arch: 'amd64', os.version: '10.0', java.version: '22.0.2'
Driver info: org.openqa.selenium.chrome.ChromeDriver
Command: [7634664a4cc21ba90d7a91f38dabfa74, findElement {value=txt_instruments1, using=id}]
Capabilities {acceptInsecureCerts: false, browserName: chrome, browserVersion: 130.0.6723.92, chrome: {chromedriverVersion: 130.0.6723.91 (53ac07678369..., userDataDir: C:\Users\ybhas\AppData\Loca...}, fedcm:accounts: true, goog:chromeOptions: {debuggerAddress: localhost:56466}, networkConnectionEnabled: false, pageLoadStrategy: normal, platformName: windows, proxy: Proxy(), se:cdp: ws://localhost:56466/devtoo..., se:cdpVersion: 130.0.6723.92, setWindowRect: true, strictFileInteractability: false, timeouts: {implicit: 0, pageLoad: 300000, script: 30000}, unhandledPromptBehavior: dismiss and notify, webauthn:extension:credBlob: true, webauthn:extension:largeBlob: true, webauthn:extension:minPinLength: true, webauthn:extension:prf: true, webauthn:virtualAuthenticators: true}
Session ID: 7634664a4cc21ba90d7a91f38dabfa74]]>
            </message>
            <full-stacktrace>
              <![CDATA[org.openqa.selenium.TimeoutException: timeout: Timed out receiving message from renderer: 20.000
  (Session info: chrome=130.0.6723.92)
Build info: version: '4.23.1', revision: '656257d8e9'
System info: os.name: 'Windows 11', os.arch: 'amd64', os.version: '10.0', java.version: '22.0.2'
Driver info: org.openqa.selenium.chrome.ChromeDriver
Command: [7634664a4cc21ba90d7a91f38dabfa74, findElement {value=txt_instruments1, using=id}]
Capabilities {acceptInsecureCerts: false, browserName: chrome, browserVersion: 130.0.6723.92, chrome: {chromedriverVersion: 130.0.6723.91 (53ac07678369..., userDataDir: C:\Users\ybhas\AppData\Loca...}, fedcm:accounts: true, goog:chromeOptions: {debuggerAddress: localhost:56466}, networkConnectionEnabled: false, pageLoadStrategy: normal, platformName: windows, proxy: Proxy(), se:cdp: ws://localhost:56466/devtoo..., se:cdpVersion: 130.0.6723.92, setWindowRect: true, strictFileInteractability: false, timeouts: {implicit: 0, pageLoad: 300000, script: 30000}, unhandledPromptBehavior: dismiss and notify, webauthn:extension:credBlob: true, webauthn:extension:largeBlob: true, webauthn:extension:minPinLength: true, webauthn:extension:prf: true, webauthn:virtualAuthenticators: true}
Session ID: 7634664a4cc21ba90d7a91f38dabfa74
at java.base/jdk.internal.reflect.DirectConstructorHandleAccessor.newInstance(DirectConstructorHandleAccessor.java:62)
at java.base/java.lang.reflect.Constructor.newInstanceWithCaller(Constructor.java:502)
at java.base/java.lang.reflect.Constructor.newInstance(Constructor.java:486)
at org.openqa.selenium.remote.ErrorCodec.decode(ErrorCodec.java:167)
at org.openqa.selenium.remote.codec.w3c.W3CHttpResponseCodec.decode(W3CHttpResponseCodec.java:138)
at org.openqa.selenium.remote.codec.w3c.W3CHttpResponseCodec.decode(W3CHttpResponseCodec.java:50)
at org.openqa.selenium.remote.HttpCommandExecutor.execute(HttpCommandExecutor.java:190)
at org.openqa.selenium.remote.service.DriverCommandExecutor.invokeExecute(DriverCommandExecutor.java:216)
at org.openqa.selenium.remote.service.DriverCommandExecutor.execute(DriverCommandExecutor.java:174)
at org.openqa.selenium.remote.RemoteWebDriver.execute(RemoteWebDriver.java:545)
at org.openqa.selenium.remote.ElementLocation$ElementFinder$2.findElement(ElementLocation.java:165)
at org.openqa.selenium.remote.ElementLocation.findElement(ElementLocation.java:59)
at org.openqa.selenium.remote.RemoteWebDriver.findElement(RemoteWebDriver.java:368)
at org.openqa.selenium.remote.RemoteWebDriver.findElement(RemoteWebDriver.java:362)
at org.openqa.selenium.support.pagefactory.DefaultElementLocator.findElement(DefaultElementLocator.java:68)
at org.openqa.selenium.support.pagefactory.internal.LocatingElementHandler.invoke(LocatingElementHandler.java:38)
at jdk.proxy2/jdk.proxy2.$Proxy38.sendKeys(Unknown Source)
at Pages.HomePage.placeEquityOrder(HomePage.java:60)
at Tests.HomePageTest.placeEquityOrderTest(HomePageTest.java:54)
at java.base/jdk.internal.reflect.DirectMethodHandleAccessor.invoke(DirectMethodHandleAccessor.java:103)
at java.base/java.lang.reflect.Method.invoke(Method.java:580)
at org.testng.internal.invokers.MethodInvocationHelper.invokeMethod(MethodInvocationHelper.java:141)
at org.testng.internal.invokers.TestInvoker.invokeMethod(TestInvoker.java:686)
at org.testng.internal.invokers.TestInvoker.invokeTestMethod(TestInvoker.java:230)
at org.testng.internal.invokers.MethodRunner.runInSequence(MethodRunner.java:63)
at org.testng.internal.invokers.TestInvoker$MethodInvocationAgent.invoke(TestInvoker.java:992)
at org.testng.internal.invokers.TestInvoker.invokeTestMethods(TestInvoker.java:203)
at org.testng.internal.invokers.TestMethodWorker.invokeTestMethods(TestMethodWorker.java:154)
at org.testng.internal.invokers.TestMethodWorker.run(TestMethodWorker.java:134)
at java.base/java.util.ArrayList.forEach(ArrayList.java:1597)
at org.testng.TestRunner.privateRun(TestRunner.java:739)
at org.testng.TestRunner.run(TestRunner.java:614)
at org.testng.SuiteRunner.runTest(SuiteRunner.java:421)
at org.testng.SuiteRunner.runSequentially(SuiteRunner.java:413)
at org.testng.SuiteRunner.privateRun(SuiteRunner.java:373)
at org.testng.SuiteRunner.run(SuiteRunner.java:312)
at org.testng.SuiteRunnerWorker.runSuite(SuiteRunnerWorker.java:52)
at org.testng.SuiteRunnerWorker.run(SuiteRunnerWorker.java:95)
at org.testng.TestNG.runSuitesSequentially(TestNG.java:1274)
at org.testng.TestNG.runSuitesLocally(TestNG.java:1208)
at org.testng.TestNG.runSuites(TestNG.java:1112)
at org.testng.TestNG.run(TestNG.java:1079)
at org.testng.remote.AbstractRemoteTestNG.run(AbstractRemoteTestNG.java:115)
at org.testng.remote.RemoteTestNG.initAndRun(RemoteTestNG.java:293)
at org.testng.remote.RemoteTestNG.main(RemoteTestNG.java:91)
]]>
            </full-stacktrace>
          </exception> <!-- org.openqa.selenium.TimeoutException -->
          <reporter-output>
          </reporter-output>
        </test-method> <!-- placeEquityOrderTest -->
        <test-method is-config="true" signature="tearDown()[pri:0, instance:Tests.HomePageTest@7a5ceedd]" started-at="2024-11-05T19:21:27 IST" name="tearDown" finished-at="2024-11-05T19:21:28 IST" duration-ms="311" status="PASS">
          <reporter-output>
          </reporter-output>
        </test-method> <!-- tearDown -->
        <test-method is-config="true" signature="setUP()[pri:0, instance:Tests.HomePageTest@7a5ceedd]" started-at="2024-11-05T19:21:28 IST" name="setUP" finished-at="2024-11-05T19:22:00 IST" duration-ms="31891" status="PASS">
          <reporter-output>
          </reporter-output>
        </test-method> <!-- setUP -->
        <test-method signature="placeEquityOrderTest(java.lang.String,java.lang.String,java.lang.String,java.lang.String)[pri:0, instance:Tests.HomePageTest@7a5ceedd]" started-at="2024-11-05T19:22:00 IST" name="placeEquityOrderTest" data-provider="tradeData" finished-at="2024-11-05T19:22:05 IST" duration-ms="5624" status="PASS">
          <params>
            <param index="0">
              <value>
                <![CDATA[suzlon energy]]>
              </value>
            </param>
            <param index="1">
              <value>
                <![CDATA[Equity]]>
              </value>
            </param>
            <param index="2">
              <value>
                <![CDATA[5.0]]>
              </value>
            </param>
            <param index="3">
              <value>
                <![CDATA[Buy]]>
              </value>
            </param>
          </params>
          <reporter-output>
          </reporter-output>
        </test-method> <!-- placeEquityOrderTest -->
        <test-method is-config="true" signature="tearDown()[pri:0, instance:Tests.HomePageTest@7a5ceedd]" started-at="2024-11-05T19:22:05 IST" name="tearDown" finished-at="2024-11-05T19:22:05 IST" duration-ms="268" status="PASS">
          <reporter-output>
          </reporter-output>
        </test-method> <!-- tearDown -->
        <test-method is-config="true" signature="setUP()[pri:0, instance:Tests.HomePageTest@7a5ceedd]" started-at="2024-11-05T19:22:05 IST" name="setUP" finished-at="2024-11-05T19:22:13 IST" duration-ms="7948" status="PASS">
          <reporter-output>
          </reporter-output>
        </test-method> <!-- setUP -->
        <test-method signature="placeEquityOrderTest(java.lang.String,java.lang.String,java.lang.String,java.lang.String)[pri:0, instance:Tests.HomePageTest@7a5ceedd]" started-at="2024-11-05T19:22:13 IST" name="placeEquityOrderTest" data-provider="tradeData" finished-at="2024-11-05T19:22:18 IST" duration-ms="4818" status="PASS">
          <params>
            <param index="0">
              <value>
                <![CDATA[idfc first bank]]>
              </value>
            </param>
            <param index="1">
              <value>
                <![CDATA[Equity]]>
              </value>
            </param>
            <param index="2">
              <value>
                <![CDATA[4.0]]>
              </value>
            </param>
            <param index="3">
              <value>
                <![CDATA[Buy]]>
              </value>
            </param>
          </params>
          <reporter-output>
          </reporter-output>
        </test-method> <!-- placeEquityOrderTest -->
        <test-method is-config="true" signature="tearDown()[pri:0, instance:Tests.HomePageTest@7a5ceedd]" started-at="2024-11-05T19:22:18 IST" name="tearDown" finished-at="2024-11-05T19:22:19 IST" duration-ms="320" status="PASS">
          <reporter-output>
          </reporter-output>
        </test-method> <!-- tearDown -->
        <test-method is-config="true" signature="setUP()[pri:0, instance:Tests.HomePageTest@7a5ceedd]" started-at="2024-11-05T19:22:19 IST" name="setUP" finished-at="2024-11-05T19:22:26 IST" duration-ms="7167" status="PASS">
          <reporter-output>
          </reporter-output>
        </test-method> <!-- setUP -->
        <test-method signature="placeEquityOrderTest(java.lang.String,java.lang.String,java.lang.String,java.lang.String)[pri:0, instance:Tests.HomePageTest@7a5ceedd]" started-at="2024-11-05T19:22:26 IST" name="placeEquityOrderTest" data-provider="tradeData" finished-at="2024-11-05T19:22:32 IST" duration-ms="6075" status="PASS">
          <params>
            <param index="0">
              <value>
                <![CDATA[rail vikas nigam]]>
              </value>
            </param>
            <param index="1">
              <value>
                <![CDATA[Equity]]>
              </value>
            </param>
            <param index="2">
              <value>
                <![CDATA[9.0]]>
              </value>
            </param>
            <param index="3">
              <value>
                <![CDATA[Buy]]>
              </value>
            </param>
          </params>
          <reporter-output>
          </reporter-output>
        </test-method> <!-- placeEquityOrderTest -->
        <test-method is-config="true" signature="tearDown()[pri:0, instance:Tests.HomePageTest@7a5ceedd]" started-at="2024-11-05T19:22:32 IST" name="tearDown" finished-at="2024-11-05T19:22:32 IST" duration-ms="279" status="PASS">
          <reporter-output>
          </reporter-output>
        </test-method> <!-- tearDown -->
        <test-method is-config="true" signature="setUP()[pri:0, instance:Tests.HomePageTest@7a5ceedd]" started-at="2024-11-05T19:22:32 IST" name="setUP" finished-at="2024-11-05T19:22:42 IST" duration-ms="10028" status="PASS">
          <reporter-output>
          </reporter-output>
        </test-method> <!-- setUP -->
        <test-method signature="placeEquityOrderTest(java.lang.String,java.lang.String,java.lang.String,java.lang.String)[pri:0, instance:Tests.HomePageTest@7a5ceedd]" started-at="2024-11-05T19:22:42 IST" name="placeEquityOrderTest" data-provider="tradeData" finished-at="2024-11-05T19:22:56 IST" duration-ms="13775" status="PASS">
          <params>
            <param index="0">
              <value>
                <![CDATA[hathway cable]]>
              </value>
            </param>
            <param index="1">
              <value>
                <![CDATA[Equity]]>
              </value>
            </param>
            <param index="2">
              <value>
                <![CDATA[45.0]]>
              </value>
            </param>
            <param index="3">
              <value>
                <![CDATA[Buy]]>
              </value>
            </param>
          </params>
          <reporter-output>
          </reporter-output>
        </test-method> <!-- placeEquityOrderTest -->
        <test-method is-config="true" signature="tearDown()[pri:0, instance:Tests.HomePageTest@7a5ceedd]" started-at="2024-11-05T19:22:56 IST" name="tearDown" finished-at="2024-11-05T19:22:56 IST" duration-ms="511" status="PASS">
          <reporter-output>
          </reporter-output>
        </test-method> <!-- tearDown -->
      </class> <!-- Tests.HomePageTest -->
    </test> <!-- Default test -->
  </suite> <!-- Default suite -->
</testng-results>
