<?xml version="1.0" encoding="UTF-8"?>
<!-- Generated by org.testng.reporters.JUnitXMLReporter -->
<testsuite ignored="7" hostname="Bhaskar" failures="0" tests="1" name="Default test" time="73.792" errors="0" timestamp="2024-11-11T09:38:42 IST">
  <testcase classname="Tests.HomePageTest" name="openChartsForWatchListItemsTest" time="58.502"/>
  <testcase classname="Tests.HomePageTest" name="validateHomePageHeaderTest" time="0.0">
    <ignored/>
  </testcase> <!-- validateHomePageHeaderTest -->
  <testcase classname="Tests.HomePageTest" name="addOrdersToQuickViewTest" time="0.0">
    <ignored/>
  </testcase> <!-- addOrdersToQuickViewTest -->
  <testcase classname="Tests.HomePageTest" name="validateNavigationMenuTest" time="0.0">
    <ignored/>
  </testcase> <!-- validateNavigationMenuTest -->
  <testcase classname="Tests.HomePageTest" name="closeInfoModelPopupTest" time="0.0">
    <ignored/>
  </testcase> <!-- closeInfoModelPopupTest -->
  <testcase classname="Tests.HomePageTest" name="placeEquityOrderTest" time="0.0">
    <ignored/>
  </testcase> <!-- placeEquityOrderTest -->
  <testcase classname="Tests.HomePageTest" name="validateHomepageTitleTest" time="0.0">
    <ignored/>
  </testcase> <!-- validateHomepageTitleTest -->
  <testcase classname="Tests.HomePageTest" name="closeHelloPopupTest" time="0.0">
    <ignored/>
  </testcase> <!-- closeHelloPopupTest -->
</testsuite> <!-- Default test -->
