<?xml version="1.0" encoding="UTF-8"?>
<!-- Generated by org.testng.reporters.JUnitXMLReporter -->
<testsuite ignored="0" hostname="Bhaskar" failures="0" tests="3" name="Test" time="16.554" errors="0" timestamp="2024-11-05T16:57:25 IST">
  <testcase classname="Tests.LoginPageTest" name="loginPageTitleTest" time="0.12"/>
  <testcase classname="Tests.LoginPageTest" name="loginTest" time="1.58"/>
  <testcase classname="Tests.LoginPageTest" name="neoStockImgTest" time="0.059"/>
</testsuite> <!-- Test -->
