<?xml version="1.0" encoding="UTF-8"?>
<!-- Generated by org.testng.reporters.JUnitXMLReporter -->
<testsuite ignored="1" hostname="Bhaskar" failures="1" tests="18" name="Test" time="594.626" errors="0" timestamp="2024-11-11T09:50:14 IST">
  <testcase classname="Tests.HomePageTest" name="addOrdersToQuickViewTest" time="5.647"/>
  <testcase classname="Tests.HomePageTest" name="addOrdersToQuickViewTest" time="16.181"/>
  <testcase classname="Tests.HomePageTest" name="addOrdersToQuickViewTest" time="4.567"/>
  <testcase classname="Tests.HomePageTest" name="addOrdersToQuickViewTest" time="10.91"/>
  <testcase classname="Tests.HomePageTest" name="addOrdersToQuickViewTest" time="4.576"/>
  <testcase classname="Tests.HomePageTest" name="openChartsForWatchListItemsTest" time="67.526"/>
  <testcase classname="Tests.HomePageTest" name="placeEquityOrderTest" time="46.586"/>
  <testcase classname="Tests.HomePageTest" name="placeEquityOrderTest" time="45.064"/>
  <testcase classname="Tests.HomePageTest" name="placeEquityOrderTest" time="47.416"/>
  <testcase classname="Tests.HomePageTest" name="placeEquityOrderTest" time="44.85"/>
  <testcase classname="Tests.HomePageTest" name="placeEquityOrderTest" time="45.93"/>
  <testcase classname="Tests.HomePageTest" name="validateHomePageHeaderTest" time="35.051"/>
  <testcase classname="Tests.HomePageTest" name="validateHomepageTitleTest" time="27.024">
    <failure type="java.lang.AssertionError" message="Title is mismatching expected [Trade Panel :: Neostox1] but found [Trade Panel :: Neostox]">
      <![CDATA[java.lang.AssertionError: Title is mismatching expected [Trade Panel :: Neostox1] but found [Trade Panel :: Neostox]
at Tests.HomePageTest.validateHomepageTitleTest(HomePageTest.java:44)
at java.base/java.util.concurrent.Executors$RunnableAdapter.call(Executors.java:572)
at java.base/java.util.concurrent.FutureTask.run(FutureTask.java:317)
at java.base/java.util.concurrent.ThreadPoolExecutor.runWorker(ThreadPoolExecutor.java:1144)
at java.base/java.util.concurrent.ThreadPoolExecutor$Worker.run(ThreadPoolExecutor.java:642)
at java.base/java.lang.Thread.run(Thread.java:1570)
... Removed 16 stack frames]]>
    </failure>
  </testcase> <!-- validateHomepageTitleTest -->
  <testcase classname="Tests.HomePageTest" name="validateNavigationMenuTest" time="41.047"/>
  <testcase classname="Tests.LoginPageTest" name="loginPageTitleTest" time="0.022"/>
  <testcase classname="Tests.HomePageTest" name="closeHelloPopupTest" time="10.271"/>
  <testcase classname="Tests.LoginPageTest" name="loginTest" time="3.61"/>
  <testcase classname="Tests.LoginPageTest" name="neoStockImgTest" time="0.039"/>
  <testcase classname="Tests.HomePageTest" name="closeInfoModelPopupTest" time="0.0">
    <ignored/>
  </testcase> <!-- closeInfoModelPopupTest -->
</testsuite> <!-- Test -->
