<?xml version="1.0" encoding="UTF-8"?>
<!-- Generated by org.testng.reporters.JUnitXMLReporter -->
<testsuite ignored="0" hostname="Bhaskar" failures="1" tests="1" name="Listeners Testing" time="3.914" errors="0" timestamp="2024-09-01T21:12:00 IST">
  <testcase classname="UI.ListenerDemoTest" name="launchApp" time="3.398">
    <failure type="java.lang.AssertionError" message="expected [true] but found [false]">
      <![CDATA[java.lang.AssertionError: expected [true] but found [false]
at UI.ListenerDemoTest.launchApp(ListenerDemoTest.java:9)
at java.base/java.util.ArrayList.forEach(ArrayList.java:1597)
... Removed 29 stack frames]]>
    </failure>
  </testcase> <!-- launchApp -->
</testsuite> <!-- Listeners Testing -->
