<?xml version="1.0" encoding="UTF-8"?>
<!-- Generated by org.testng.reporters.JUnitXMLReporter -->
<testsuite ignored="0" hostname="Bhaskar" failures="0" tests="4" name="Test" time="37.03" errors="0" timestamp="2024-11-04T09:00:51 IST">
  <testcase classname="Tests.HomePageTest" name="validateHomepageTitle" time="3.977"/>
  <testcase classname="Tests.LoginPageTest" name="loginPageTitleTest" time="0.019"/>
  <testcase classname="Tests.LoginPageTest" name="loginTest" time="1.595"/>
  <testcase classname="Tests.LoginPageTest" name="neoStockImgTest" time="0.149"/>
</testsuite> <!-- Test -->
