<?xml version="1.0" encoding="UTF-8"?>
<!-- Generated by org.testng.reporters.JUnitXMLReporter -->
<testsuite ignored="2" hostname="Bhaskar" failures="1" tests="1" name="Default test(failed)" time="20.984" errors="0" timestamp="2024-11-08T09:07:35 IST">
  <testcase classname="Tests.HomePageTest" name="validateHomePageHeaderTest" time="10.007">
    <failure type="java.lang.AssertionError" message="Side menu bar is still displaying even after clicking on hide toggle btn expected [false] but found [true]">
      <![CDATA[java.lang.AssertionError: Side menu bar is still displaying even after clicking on hide toggle btn expected [false] but found [true]
at Pages.HomePage.validateButtonForSideBar(HomePage.java:54)
at Tests.HomePageTest.validateHomePageHeaderTest(HomePageTest.java:50)
at java.base/java.util.ArrayList.forEach(ArrayList.java:1597)
... Removed 28 stack frames]]>
    </failure>
  </testcase> <!-- validateHomePageHeaderTest -->
  <testcase classname="Tests.HomePageTest" name="placeEquityOrderTest" time="0.0">
    <ignored/>
  </testcase> <!-- placeEquityOrderTest -->
  <testcase classname="Tests.HomePageTest" name="validateHomepageTitleTest" time="0.0">
    <ignored/>
  </testcase> <!-- validateHomepageTitleTest -->
</testsuite> <!-- Default test(failed) -->
